03/19/2018 06:02:53 PM - root - INFO : Logging started!
03/19/2018 06:02:53 PM - root - INFO : To see the log in a bash window use the following command:
03/19/2018 06:02:53 PM - root - INFO : tail -n +1 -f /home/adams/apertif/BP/180309004_3C286_0.log
03/19/2018 06:02:58 PM - CROSSCAL - INFO : ### Configuration file /home/adams/apertif/BP/180309004_3C286_0.cfg successfully read! ###
03/19/2018 06:04:05 PM - PREPARE - INFO : ### Configuration file /home/adams/apertif/BP/180309004_3C286_0.cfg successfully read! ###
03/19/2018 06:04:05 PM - PREPARE - INFO : ########## Preparing data for calibration ##########
03/19/2018 06:04:05 PM - PREPARE - INFO : ### Flux calibrator dataset found. Copying beam 00 to working directory. ###
03/19/2018 06:04:05 PM - basher - DEBUG : cp -r /data/apertif/180309004_3C286/WSRTA180309004_B000.MS /data/adams/apertif/bp/180309004_3C286/00/raw/3C286.MS
03/19/2018 06:06:15 PM - basher - DEBUG : Returning output.
03/19/2018 06:06:15 PM - PREPARE - WARNING : ### No polarisation calibrator dataset specified. The next steps might not work! ###
03/19/2018 06:06:15 PM - PREPARE - INFO : ########## Data prepared for calibration ##########
03/19/2018 06:22:57 PM - root - INFO : Logging started!
03/19/2018 06:22:57 PM - root - INFO : To see the log in a bash window use the following command:
03/19/2018 06:22:57 PM - root - INFO : tail -n +1 -f /home/adams/apertif/BP/180309004_3C286_0.log
03/19/2018 06:23:16 PM - PREPARE - INFO : ### Configuration file /home/adams/apertif/BP/180309004_3C286_0.cfg successfully read! ###
03/19/2018 06:23:23 PM - PREPARE - INFO : ########## Preparing data for calibration ##########
03/19/2018 06:23:23 PM - PREPARE - INFO : ### Flux calibrator dataset found. Copying beam 00 to working directory. ###
03/19/2018 06:23:23 PM - basher - DEBUG : cp -r /data/apertif/180309004_3C286/WSRTA180309004_B000.MS /data/adams/apertif/bp/180309004_3C286/00/raw/3C286.MS
03/19/2018 06:24:37 PM - basher - DEBUG : Returning output.
03/19/2018 06:24:37 PM - PREPARE - WARNING : ### No polarisation calibrator dataset specified. The next steps might not work! ###
03/19/2018 06:24:37 PM - PREPARE - INFO : ########## Data prepared for calibration ##########
03/20/2018 09:34:05 AM - root - INFO : Logging started!
03/20/2018 09:34:05 AM - root - INFO : To see the log in a bash window use the following command:
03/20/2018 09:34:05 AM - root - INFO : tail -n +1 -f /home/adams/apertif/BP/180309004_3C286_0.log
03/20/2018 09:55:28 AM - CONVERT - INFO : ### Configuration file /home/adams/apertif/BP/180309004_3C286_0.cfg successfully read! ###
03/20/2018 09:55:28 AM - CONVERT - INFO : ########## FILE CONVERSION started ##########
03/20/2018 09:55:28 AM - CONVERT - INFO : ### Starting conversion from MS to UVFITS format ###
03/20/2018 10:03:13 AM - CONVERT - INFO : ### Converted MS file 3C286.MS to UVFITS format! ###
03/20/2018 10:03:13 AM - CONVERT - INFO : ### Conversion from MS to UVFITS format done! ###
03/20/2018 10:03:13 AM - CONVERT - INFO : ### Starting conversion from UVFITS to MIRIAD format ###
03/20/2018 10:03:13 AM - masher - DEBUG : fits in=/data/adams/apertif/bp/180309004_3C286/00/crosscal/3C286.UVFITS op=uvin out=/data/adams/apertif/bp/180309004_3C286/00/crosscal/3C286.mir 
03/20/2018 10:03:13 AM - basher - DEBUG : fits in=/data/adams/apertif/bp/180309004_3C286/00/crosscal/3C286.UVFITS op=uvin out=/data/adams/apertif/bp/180309004_3C286/00/crosscal/3C286.mir 
03/20/2018 10:06:22 AM - basher - DEBUG : Command = fits in=/data/adams/apertif/bp/180309004_3C286/00/crosscal/3C286.UVFITS op=uvin out=/data/adams/apertif/bp/180309004_3C286/00/crosscal/3C286.mir 
03/20/2018 10:06:22 AM - basher - DEBUG : 

fits: Revision 1.32, 2014/09/15 04:39:01 UTC

Determining various defaults ...
  Assuming systemp=30
  Assuming jyperk=8

Analysing the extension tables ...
  Using antenna table information
  Decrementing times for configration 1 by -0.15 seconds (UTC-UT1).
  Using frequency table information
  Using source table information

Handling the visibility data
  Data are linearly polarized
  Reading the correlation data
  The estimated integration time of a sample is 31 seconds
  Number of antennas: 11
  Number of antenna configurations: 1

03/20/2018 10:06:22 AM - basher - DEBUG : ### Warning:  1 unrecognised cards were written to the history file
### Warning:  Ignored random parameter INTTIM
### Warning:  Some visibilities had zero weight

03/20/2018 10:06:22 AM - basher - DEBUG : Returning output.
03/20/2018 10:06:22 AM - basher - DEBUG : rm -r /data/adams/apertif/bp/180309004_3C286/00/crosscal/3C286.UVFITS
03/20/2018 10:06:30 AM - basher - DEBUG : Returning output.
03/20/2018 10:06:30 AM - CONVERT - INFO : ### Converted UVFITS file 3C286.MS to MIRIAD format! ###
03/20/2018 10:06:30 AM - CONVERT - INFO : ### Conversion from UVFITS to MIRIAD format done! ###
03/20/2018 10:06:30 AM - CONVERT - INFO : ########## FILE CONVERSION done ##########
03/20/2018 10:07:38 AM - CROSSCAL - INFO : ### Configuration file /home/adams/apertif/BP/180309004_3C286_0.cfg successfully read! ###
03/20/2018 10:17:27 AM - CROSSCAL - INFO : ### Configuration file /home/adams/apertif/BP/180309004_3C286_0.cfg successfully read! ###
03/20/2018 10:17:46 AM - CROSSCAL - INFO : ### Configuration file /home/adams/apertif/BP/180309004_3C286_0.cfg successfully read! ###
03/20/2018 10:17:46 AM - masher - DEBUG : mfcal stokes=XX interval=30,30,30 options=delay tol=0.1 vis=3C286.mir 
03/20/2018 10:17:46 AM - basher - DEBUG : mfcal stokes=XX interval=30,30,30 options=delay tol=0.1 vis=3C286.mir 
03/20/2018 10:27:46 AM - basher - DEBUG : Command = mfcal stokes=XX interval=30,30,30 options=delay tol=0.1 vis=3C286.mir 
03/20/2018 10:27:46 AM - basher - DEBUG : 
MfCal: $Revision: 1.20 $, $Date: 2017/05/08 02:31:10 $
Reading the data ...
Number correlations accepted: 59529383
Number of frequency bands/settings: 1
Number of polarisations selected: 1
Number of solution intervals: 23
Number of passband solution intervals: 23
Initialising ...
Using known frequency variation of 3c286
Generating initial solution estimate ...
Doing solution refinement ...
Iter= 1, Solution Error:  0.556
Iter= 2, Solution Error:  1.000
Iter= 3, Solution Error:  0.051
Saving solution ...

03/20/2018 10:27:46 AM - basher - DEBUG : ### Warning:  Correlations flagged or edge-rejected: 22083928

03/20/2018 10:27:46 AM - basher - DEBUG : Returning output.
03/20/2018 10:32:38 AM - CROSSCAL - INFO : ### Configuration file /home/adams/apertif/BP/180309004_3C286_0.cfg successfully read! ###
03/20/2018 10:32:38 AM - masher - DEBUG : gpplt vis=/data/adams/apertif/bp/180309004_3C286/00/crosscal/3C286.mir log=/home/adams/apercal/temp/mirlog/C2DB8VHL options=bandpass 
03/20/2018 10:32:38 AM - basher - DEBUG : gpplt vis=/data/adams/apertif/bp/180309004_3C286/00/crosscal/3C286.mir log=/home/adams/apercal/temp/mirlog/C2DB8VHL options=bandpass 
03/20/2018 10:32:42 AM - basher - DEBUG : Command = gpplt vis=/data/adams/apertif/bp/180309004_3C286/00/crosscal/3C286.mir log=/home/adams/apercal/temp/mirlog/C2DB8VHL options=bandpass 
03/20/2018 10:32:42 AM - basher - DEBUG : 

gpplt: Revision (not recorded)


03/20/2018 10:32:42 AM - basher - DEBUG : Returning output.
03/20/2018 10:49:59 AM - root - INFO : Logging started!
03/20/2018 10:49:59 AM - root - INFO : To see the log in a bash window use the following command:
03/20/2018 10:49:59 AM - root - INFO : tail -n +1 -f /home/adams/apertif/BP/180309004_3C286_0.log
03/20/2018 10:50:09 AM - CROSSCAL - INFO : ### Configuration file /home/adams/apertif/BP/180309004_3C286_0.cfg successfully read! ###
03/20/2018 10:50:09 AM - masher - DEBUG : gpplt vis=/data/adams/apertif/bp/180309004_3C286/00/crosscal/3C286.mir log=/home/adams/apercal/temp/mirlog/C2DB8VHL options=bandpass 
03/20/2018 10:50:09 AM - basher - DEBUG : gpplt vis=/data/adams/apertif/bp/180309004_3C286/00/crosscal/3C286.mir log=/home/adams/apercal/temp/mirlog/C2DB8VHL options=bandpass 
03/20/2018 10:50:13 AM - basher - DEBUG : Command = gpplt vis=/data/adams/apertif/bp/180309004_3C286/00/crosscal/3C286.mir log=/home/adams/apercal/temp/mirlog/C2DB8VHL options=bandpass 
03/20/2018 10:50:13 AM - basher - DEBUG : 

gpplt: Revision (not recorded)


03/20/2018 10:50:13 AM - basher - DEBUG : Returning output.
